{
  "RSpec": {
    "coverage": {
      "/Users/ulianajrapetov/Desktop/Ruby/Cars_API/spec/support/factory_bot.rb": {
        "lines": [
          1,
          1,
          1,
          null
        ]
      },
      "/Users/ulianajrapetov/Desktop/Ruby/Cars_API/config/environment.rb": {
        "lines": [
          null,
          1,
          null,
          null,
          1
        ]
      },
      "/Users/ulianajrapetov/Desktop/Ruby/Cars_API/config/application.rb": {
        "lines": [
          1,
          null,
          1,
          null,
          null,
          null,
          1,
          null,
          1,
          1,
          null,
          1,
          1,
          1,
          1,
          null,
          null,
          null,
          null,
          null,
          null,
          null,
          null,
          null,
          null,
          null,
          1,
          null,
          null
        ]
      },
      "/Users/ulianajrapetov/Desktop/Ruby/Cars_API/config/boot.rb": {
        "lines": [
          1,
          null,
          1,
          1
        ]
      },
      "/Users/ulianajrapetov/Desktop/Ruby/Cars_API/config/environments/test.rb": {
        "lines": [
          1,
          null,
          null,
          null,
          null,
          null,
          null,
          1,
          null,
          null,
          null,
          1,
          null,
          null,
          null,
          null,
          1,
          null,
          null,
          1,
          1,
          null,
          null,
          null,
          null,
          1,
          1,
          1,
          null,
          null,
          1,
          null,
          null,
          1,
          null,
          null,
          1,
          null,
          1,
          null,
          null,
          null,
          null,
          1,
          null,
          null,
          1,
          null,
          null,
          1,
          null,
          null,
          1,
          null,
          null,
          null,
          null,
          null,
          null,
          null
        ]
      },
      "/Users/ulianajrapetov/Desktop/Ruby/Cars_API/config/initializers/cors.rb": {
        "lines": [
          null,
          null,
          null,
          null,
          null,
          null,
          null,
          1,
          1,
          1,
          null,
          1,
          null,
          null,
          null,
          null,
          null
        ]
      },
      "/Users/ulianajrapetov/Desktop/Ruby/Cars_API/config/initializers/devise_token_auth.rb": {
        "lines": [
          null,
          null,
          1,
          null,
          null,
          null,
          null,
          null,
          null,
          null,
          null,
          null,
          null,
          null,
          null,
          null,
          1,
          null,
          null,
          null,
          null,
          null,
          null,
          null,
          null,
          null,
          null,
          null,
          null,
          null,
          null,
          null,
          null,
          null,
          null,
          null,
          null,
          null,
          null,
          null,
          null,
          null,
          null,
          null,
          null,
          null,
          null,
          null,
          null,
          null,
          null,
          null,
          null,
          null,
          null,
          null,
          null,
          null,
          null,
          null,
          null,
          null,
          null
        ]
      },
      "/Users/ulianajrapetov/Desktop/Ruby/Cars_API/config/initializers/filter_parameter_logging.rb": {
        "lines": [
          null,
          null,
          null,
          null,
          null,
          1,
          null,
          null
        ]
      },
      "/Users/ulianajrapetov/Desktop/Ruby/Cars_API/config/initializers/inflections.rb": {
        "lines": [
          null,
          null,
          null,
          null,
          null,
          null,
          null,
          null,
          null,
          null,
          null,
          null,
          null,
          null,
          null,
          null
        ]
      },
      "/Users/ulianajrapetov/Desktop/Ruby/Cars_API/spec/factories/brands.rb": {
        "lines": [
          1,
          1,
          1,
          null,
          null
        ]
      },
      "/Users/ulianajrapetov/Desktop/Ruby/Cars_API/spec/factories/models.rb": {
        "lines": [
          1,
          1,
          1,
          null,
          null
        ]
      },
      "/Users/ulianajrapetov/Desktop/Ruby/Cars_API/spec/factories/users.rb": {
        "lines": [
          1,
          1,
          null,
          null,
          null
        ]
      },
      "/Users/ulianajrapetov/Desktop/Ruby/Cars_API/config/routes.rb": {
        "lines": [
          1,
          null,
          1,
          null,
          null,
          null,
          1,
          1,
          1,
          1,
          null,
          null,
          null,
          null
        ]
      },
      "/Users/ulianajrapetov/Desktop/Ruby/Cars_API/app/models/user.rb": {
        "lines": [
          null,
          null,
          1,
          1,
          1,
          1,
          1,
          1,
          null,
          null,
          1,
          null,
          1,
          1,
          1,
          null,
          1,
          1,
          22,
          null,
          null
        ]
      },
      "/Users/ulianajrapetov/Desktop/Ruby/Cars_API/app/models/brand.rb": {
        "lines": [
          1,
          1,
          1,
          null
        ]
      },
      "/Users/ulianajrapetov/Desktop/Ruby/Cars_API/app/models/application_record.rb": {
        "lines": [
          1,
          1,
          null
        ]
      },
      "/Users/ulianajrapetov/Desktop/Ruby/Cars_API/spec/models/model_spec.rb": {
        "lines": [
          1,
          null,
          1,
          5,
          1,
          1,
          1,
          null,
          1,
          1,
          1,
          null,
          1,
          1,
          1,
          null,
          1,
          1,
          1,
          1,
          1,
          null,
          null
        ]
      },
      "/Users/ulianajrapetov/Desktop/Ruby/Cars_API/app/models/model.rb": {
        "lines": [
          1,
          1,
          1,
          null
        ]
      },
      "/Users/ulianajrapetov/Desktop/Ruby/Cars_API/spec/models/user_spec.rb": {
        "lines": [
          1,
          null,
          1,
          1,
          1,
          1,
          1,
          null,
          1,
          1,
          1,
          null,
          null,
          null,
          1,
          null,
          null,
          null
        ]
      },
      "/Users/ulianajrapetov/Desktop/Ruby/Cars_API/spec/requests/brands_spec.rb": {
        "lines": [
          1,
          null,
          1,
          1,
          1,
          1,
          1,
          1,
          1,
          1,
          1,
          null,
          null,
          null,
          1,
          2,
          1,
          1,
          1,
          1,
          null,
          null,
          null,
          1,
          1,
          1,
          null,
          1,
          null,
          null,
          null,
          1,
          2,
          1,
          1,
          null,
          1,
          null,
          null,
          null,
          null,
          1,
          2,
          1,
          1,
          null,
          1,
          null,
          null,
          null,
          null,
          1,
          1,
          1,
          7,
          7,
          7,
          null,
          1,
          1,
          1,
          1,
          1,
          1,
          1,
          null,
          null,
          null,
          1,
          2,
          1,
          1,
          1,
          1,
          null,
          null,
          1,
          1,
          1,
          1,
          2,
          null,
          1,
          1,
          null,
          null,
          null,
          1,
          2,
          1,
          1,
          null,
          1,
          1,
          null,
          null,
          null,
          1,
          2,
          1,
          1,
          1,
          2,
          null,
          1,
          null,
          null,
          1,
          1,
          1,
          1,
          null,
          1,
          1,
          null,
          null,
          null,
          null,
          null,
          1,
          1,
          2,
          1,
          1,
          null,
          1,
          1,
          null,
          null,
          null,
          null,
          null,
          null,
          1,
          1,
          3,
          3,
          3,
          null,
          1,
          1,
          1,
          1,
          null,
          null,
          null,
          null,
          1,
          2,
          1,
          1,
          1,
          null,
          null,
          null,
          null,
          1,
          2,
          1,
          1,
          1,
          null,
          null,
          null,
          null,
          null,
          null,
          null,
          null
        ]
      },
      "/Users/ulianajrapetov/Desktop/Ruby/Cars_API/app/controllers/api/v1/brands_controller.rb": {
        "lines": [
          null,
          1,
          1,
          1,
          1,
          1,
          1,
          2,
          null,
          2,
          null,
          null,
          1,
          2,
          null,
          null,
          1,
          2,
          null,
          2,
          1,
          null,
          1,
          null,
          null,
          null,
          1,
          2,
          1,
          null,
          1,
          null,
          null,
          null,
          1,
          1,
          null,
          null,
          1,
          1,
          9,
          null,
          1,
          4,
          null,
          null,
          null,
          null,
          null
        ]
      },
      "/Users/ulianajrapetov/Desktop/Ruby/Cars_API/app/controllers/application_controller.rb": {
        "lines": [
          1,
          1,
          1,
          1,
          1,
          1,
          null,
          1,
          1,
          20,
          null,
          1,
          22,
          16,
          null,
          null
        ]
      },
      "/Users/ulianajrapetov/Desktop/Ruby/Cars_API/lib/errors/lack_access_rights.rb": {
        "lines": [
          1,
          1,
          1,
          6,
          null,
          null,
          null
        ]
      },
      "/Users/ulianajrapetov/Desktop/Ruby/Cars_API/spec/requests/model_spec.rb": {
        "lines": [
          1,
          null,
          1,
          16,
          16,
          1,
          1,
          1,
          1,
          1,
          1,
          1,
          null,
          null,
          null,
          1,
          1,
          1,
          1,
          1,
          null,
          null,
          null,
          1,
          1,
          1,
          null,
          1,
          null,
          null,
          null,
          1,
          1,
          1,
          null,
          1,
          null,
          null,
          null,
          null,
          1,
          1,
          1,
          null,
          1,
          null,
          null,
          null,
          null,
          1,
          1,
          1,
          7,
          7,
          7,
          null,
          1,
          1,
          1,
          1,
          1,
          1,
          null,
          null,
          null,
          1,
          1,
          1,
          1,
          1,
          null,
          null,
          null,
          1,
          1,
          1,
          1,
          2,
          null,
          1,
          1,
          null,
          null,
          null,
          1,
          1,
          1,
          null,
          1,
          1,
          null,
          null,
          null,
          1,
          1,
          1,
          1,
          2,
          null,
          1,
          null,
          null,
          null,
          1,
          null,
          1,
          1,
          1,
          null,
          1,
          1,
          null,
          null,
          null,
          null,
          null,
          null,
          1,
          1,
          1,
          1,
          null,
          1,
          1,
          null,
          null,
          null,
          null,
          null,
          null,
          1,
          1,
          3,
          3,
          3,
          null,
          1,
          1,
          1,
          1,
          null,
          null,
          null,
          null,
          1,
          1,
          1,
          1,
          null,
          null,
          null,
          null,
          1,
          1,
          1,
          1,
          null,
          null,
          null,
          null,
          null,
          null,
          null,
          null
        ]
      },
      "/Users/ulianajrapetov/Desktop/Ruby/Cars_API/app/controllers/api/v1/models_controller.rb": {
        "lines": [
          1,
          1,
          1,
          1,
          1,
          1,
          2,
          null,
          2,
          null,
          null,
          1,
          2,
          null,
          null,
          1,
          2,
          null,
          2,
          1,
          null,
          1,
          null,
          null,
          null,
          1,
          2,
          1,
          null,
          1,
          null,
          null,
          null,
          1,
          1,
          null,
          null,
          1,
          null,
          1,
          9,
          null,
          null,
          1,
          4,
          null,
          null,
          null,
          null,
          null,
          null
        ]
      },
      "/Users/ulianajrapetov/Desktop/Ruby/Cars_API/spec/routing/brands_routing_spec.rb": {
        "lines": [
          1,
          null,
          1,
          1,
          1,
          1,
          null,
          null,
          1,
          1,
          null,
          null,
          null,
          1,
          1,
          null,
          null,
          1,
          1,
          null,
          null,
          1,
          1,
          null,
          null,
          1,
          1,
          null,
          null,
          null
        ]
      }
    },
    "timestamp": 1666803720
  }
}
