{
  "RSpec": {
    "coverage": {
      "/Users/ulianajrapetov/Desktop/Ruby/Cars_API/spec/support/factory_bot.rb": {
        "lines": [
          1,
          1,
          1,
          null
        ]
      },
      "/Users/ulianajrapetov/Desktop/Ruby/Cars_API/config/environment.rb": {
        "lines": [
          null,
          1,
          null,
          null,
          1
        ]
      },
      "/Users/ulianajrapetov/Desktop/Ruby/Cars_API/config/application.rb": {
        "lines": [
          1,
          null,
          1,
          null,
          null,
          null,
          1,
          null,
          1,
          1,
          null,
          1,
          1,
          1,
          1,
          null,
          null,
          null,
          null,
          null,
          null,
          null,
          null,
          null,
          null,
          null,
          1,
          null,
          null
        ]
      },
      "/Users/ulianajrapetov/Desktop/Ruby/Cars_API/config/boot.rb": {
        "lines": [
          1,
          null,
          1,
          1
        ]
      },
      "/Users/ulianajrapetov/Desktop/Ruby/Cars_API/config/environments/test.rb": {
        "lines": [
          1,
          null,
          null,
          null,
          null,
          null,
          null,
          1,
          null,
          null,
          null,
          1,
          null,
          null,
          null,
          null,
          1,
          null,
          null,
          1,
          1,
          null,
          null,
          null,
          null,
          1,
          1,
          1,
          null,
          null,
          1,
          null,
          null,
          1,
          null,
          null,
          1,
          null,
          1,
          null,
          null,
          null,
          null,
          1,
          null,
          null,
          1,
          null,
          null,
          1,
          null,
          null,
          1,
          null,
          null,
          null,
          null,
          null,
          null,
          null
        ]
      },
      "/Users/ulianajrapetov/Desktop/Ruby/Cars_API/config/initializers/cors.rb": {
        "lines": [
          null,
          null,
          null,
          null,
          null,
          null,
          null,
          1,
          1,
          1,
          null,
          1,
          null,
          null,
          null,
          null,
          null
        ]
      },
      "/Users/ulianajrapetov/Desktop/Ruby/Cars_API/config/initializers/devise_token_auth.rb": {
        "lines": [
          null,
          null,
          1,
          null,
          null,
          null,
          null,
          null,
          null,
          null,
          null,
          null,
          null,
          null,
          null,
          null,
          1,
          null,
          null,
          null,
          null,
          null,
          null,
          null,
          null,
          null,
          null,
          null,
          null,
          null,
          null,
          null,
          null,
          null,
          null,
          null,
          null,
          null,
          null,
          null,
          null,
          null,
          null,
          null,
          null,
          null,
          null,
          null,
          null,
          null,
          null,
          null,
          null,
          null,
          null,
          null,
          null,
          null,
          null,
          null,
          null,
          null,
          null
        ]
      },
      "/Users/ulianajrapetov/Desktop/Ruby/Cars_API/config/initializers/filter_parameter_logging.rb": {
        "lines": [
          null,
          null,
          null,
          null,
          null,
          1,
          null,
          null
        ]
      },
      "/Users/ulianajrapetov/Desktop/Ruby/Cars_API/config/initializers/inflections.rb": {
        "lines": [
          null,
          null,
          null,
          null,
          null,
          null,
          null,
          null,
          null,
          null,
          null,
          null,
          null,
          null,
          null,
          null
        ]
      },
      "/Users/ulianajrapetov/Desktop/Ruby/Cars_API/spec/factories/ads.rb": {
        "lines": [
          1,
          1,
          1,
          1,
          3,
          3,
          null,
          null
        ]
      },
      "/Users/ulianajrapetov/Desktop/Ruby/Cars_API/spec/factories/brands.rb": {
        "lines": [
          1,
          1,
          1,
          null,
          null
        ]
      },
      "/Users/ulianajrapetov/Desktop/Ruby/Cars_API/spec/factories/cars.rb": {
        "lines": [
          1,
          1,
          1,
          1,
          null,
          null
        ]
      },
      "/Users/ulianajrapetov/Desktop/Ruby/Cars_API/spec/factories/models.rb": {
        "lines": [
          1,
          1,
          1,
          null,
          null
        ]
      },
      "/Users/ulianajrapetov/Desktop/Ruby/Cars_API/spec/factories/users.rb": {
        "lines": [
          1,
          1,
          null,
          null,
          null
        ]
      },
      "/Users/ulianajrapetov/Desktop/Ruby/Cars_API/config/routes.rb": {
        "lines": [
          1,
          null,
          1,
          null,
          null,
          null,
          1,
          1,
          1,
          1,
          1,
          null,
          null,
          null,
          null
        ]
      },
      "/Users/ulianajrapetov/Desktop/Ruby/Cars_API/app/models/user.rb": {
        "lines": [
          null,
          null,
          1,
          1,
          1,
          1,
          1,
          1,
          1,
          null,
          null,
          1,
          null,
          1,
          1,
          1,
          null,
          1,
          1,
          1,
          null,
          null
        ]
      },
      "/Users/ulianajrapetov/Desktop/Ruby/Cars_API/app/models/brand.rb": {
        "lines": [
          1,
          1,
          1,
          null
        ]
      },
      "/Users/ulianajrapetov/Desktop/Ruby/Cars_API/app/models/application_record.rb": {
        "lines": [
          1,
          1,
          null
        ]
      },
      "/Users/ulianajrapetov/Desktop/Ruby/Cars_API/app/models/model.rb": {
        "lines": [
          1,
          1,
          1,
          1,
          null
        ]
      },
      "/Users/ulianajrapetov/Desktop/Ruby/Cars_API/app/models/car.rb": {
        "lines": [
          1,
          1,
          1,
          1,
          1,
          1,
          null
        ]
      },
      "/Users/ulianajrapetov/Desktop/Ruby/Cars_API/app/models/ad.rb": {
        "lines": [
          1,
          1,
          1,
          1,
          null,
          1,
          null,
          1,
          null,
          1,
          null,
          1,
          1,
          2,
          null,
          null
        ]
      },
      "/Users/ulianajrapetov/Desktop/Ruby/Cars_API/app/controllers/api/v1/brands_controller.rb": {
        "lines": [
          null,
          1,
          1,
          1,
          1,
          1,
          1,
          1,
          null,
          1,
          null,
          null,
          1,
          0,
          null,
          null,
          1,
          0,
          null,
          0,
          0,
          null,
          0,
          null,
          null,
          null,
          1,
          0,
          0,
          null,
          0,
          null,
          null,
          null,
          1,
          0,
          null,
          null,
          1,
          1,
          0,
          null,
          1,
          0,
          null,
          null,
          null,
          null,
          null
        ]
      },
      "/Users/ulianajrapetov/Desktop/Ruby/Cars_API/app/controllers/application_controller.rb": {
        "lines": [
          1,
          1,
          1,
          1,
          1,
          1,
          1,
          null,
          1,
          1,
          0,
          null,
          1,
          0,
          0,
          null,
          null,
          1,
          0,
          null,
          null
        ]
      },
      "/Users/ulianajrapetov/Desktop/Ruby/Cars_API/lib/errors/lack_access_rights.rb": {
        "lines": [
          1,
          1,
          1,
          0,
          null,
          null,
          null
        ]
      }
    },
    "timestamp": 1668201567
  }
}
